http://Fashionista_35.livejournal.com/
http://msajiva.livejournal.com/
http://astromachy.livejournal.com/
http://kashina_numushu.livejournal.com/
http://princessalethea.livejournal.com/
http://atuinsails.livejournal.com/
http://velvet512.livejournal.com/
http://affodell.livejournal.com/
http://animemiz.livejournal.com/
http://arachnid_flame.livejournal.com/
http://anna_bolena.livejournal.com/
http://aberwak.livejournal.com/
http://punctuum.livejournal.com/
http://bereft_wanderer.livejournal.com/
http://astromachy.livejournal.com/
http://msajiva.livejournal.com/
http://Fashionista_35.livejournal.com/
http://kashina_numushu.livejournal.com/
http://princessalethea.livejournal.com/
http://atuinsails.livejournal.com/
http://velvet512.livejournal.com/
http://affodell.livejournal.com/
http://animemiz.livejournal.com/
http://arachnid_flame.livejournal.com/
http://anna_bolena.livejournal.com/
http://msajiva.livejournal.com/
http://astromachy.livejournal.com/
http://Fashionista_35.livejournal.com/
http://astromachy.livejournal.com/
http://msajiva.livejournal.com/
http://Fashionista_35.livejournal.com/
http://kashina_numushu.livejournal.com/
http://atuinsails.livejournal.com/
http://princessalethea.livejournal.com/
http://velvet512.livejournal.com/
http://affodell.livejournal.com/
http://animemiz.livejournal.com/
http://msajiva.livejournal.com/
http://astromachy.livejournal.com/
http://Fashionista_35.livejournal.com/
http://kashina_numushu.livejournal.com/
http://princessalethea.livejournal.com/
http://atuinsails.livejournal.com/
http://velvet512.livejournal.com/
http://affodell.livejournal.com/
http://Fashionista_35.livejournal.com/
http://msajiva.livejournal.com/
http://astromachy.livejournal.com/
http://astromachy.livejournal.com/
http://msajiva.livejournal.com/
http://Fashionista_35.livejournal.com/
